{"D:\\Personal\\Fixico\\nextjs-assignment-lasanthakasun\\src\\helper.js": {"path":"D:\\Personal\\Fixico\\nextjs-assignment-lasanthakasun\\src\\helper.js","statementMap":{"0":{"start":{"line":2,"column":30},"end":{"line":8,"column":1}},"1":{"start":{"line":3,"column":14},"end":{"line":3,"column":24}},"2":{"start":{"line":4,"column":11},"end":{"line":4,"column":51}},"3":{"start":{"line":5,"column":11},"end":{"line":5,"column":56}},"4":{"start":{"line":6,"column":13},"end":{"line":6,"column":32}},"5":{"start":{"line":7,"column":2},"end":{"line":7,"column":36}},"6":{"start":{"line":2,"column":13},"end":{"line":2,"column":30}}},"fnMap":{"0":{"name":"(anonymous_0)","decl":{"start":{"line":2,"column":30},"end":{"line":2,"column":36}},"loc":{"start":{"line":2,"column":36},"end":{"line":8,"column":1}}}},"branchMap":{},"s":{"0":1,"1":7,"2":7,"3":7,"4":7,"5":7,"6":1},"f":{"0":7},"b":{}}
,"D:\\Personal\\Fixico\\nextjs-assignment-lasanthakasun\\src\\validation.js": {"path":"D:\\Personal\\Fixico\\nextjs-assignment-lasanthakasun\\src\\validation.js","statementMap":{"0":{"start":{"line":2,"column":21},"end":{"line":31,"column":1}},"1":{"start":{"line":2,"column":13},"end":{"line":2,"column":21}}},"fnMap":{},"branchMap":{},"s":{"0":1,"1":1},"f":{},"b":{}}
,"D:\\Personal\\Fixico\\nextjs-assignment-lasanthakasun\\src\\components\\Button.js": {"path":"D:\\Personal\\Fixico\\nextjs-assignment-lasanthakasun\\src\\components\\Button.js","statementMap":{"0":{"start":{"line":1,"column":25},"end":{"line":1,"column":null}},"1":{"start":{"line":3,"column":15},"end":{"line":17,"column":1}},"2":{"start":{"line":4,"column":2},"end":{"line":15,"column":null}},"3":{"start":{"line":19,"column":15},"end":{"line":19,"column":21}}},"fnMap":{"0":{"name":"(anonymous_1)","decl":{"start":{"line":3,"column":15},"end":{"line":3,"column":16}},"loc":{"start":{"line":3,"column":44},"end":{"line":17,"column":1}}}},"branchMap":{"0":{"loc":{"start":{"line":8,"column":8},"end":{"line":10,"column":47}},"type":"cond-expr","locations":[{"start":{"line":9,"column":12},"end":{"line":9,"column":43}},{"start":{"line":10,"column":12},"end":{"line":10,"column":47}}]}},"s":{"0":2,"1":2,"2":9,"3":2},"f":{"0":9},"b":{"0":[8,1]}}
,"D:\\Personal\\Fixico\\nextjs-assignment-lasanthakasun\\src\\components\\Error.js": {"path":"D:\\Personal\\Fixico\\nextjs-assignment-lasanthakasun\\src\\components\\Error.js","statementMap":{"0":{"start":{"line":1,"column":25},"end":{"line":1,"column":null}},"1":{"start":{"line":2,"column":14},"end":{"line":4,"column":1}},"2":{"start":{"line":3,"column":2},"end":{"line":3,"column":77}},"3":{"start":{"line":6,"column":15},"end":{"line":6,"column":20}}},"fnMap":{"0":{"name":"(anonymous_1)","decl":{"start":{"line":2,"column":14},"end":{"line":2,"column":15}},"loc":{"start":{"line":2,"column":31},"end":{"line":4,"column":1}}}},"branchMap":{},"s":{"0":6,"1":6,"2":5,"3":6},"f":{"0":5},"b":{}}
,"D:\\Personal\\Fixico\\nextjs-assignment-lasanthakasun\\src\\components\\ImageUpload.js": {"path":"D:\\Personal\\Fixico\\nextjs-assignment-lasanthakasun\\src\\components\\ImageUpload.js","statementMap":{"0":{"start":{"line":1,"column":39},"end":{"line":1,"column":null}},"1":{"start":{"line":2,"column":27},"end":{"line":2,"column":null}},"2":{"start":{"line":4,"column":20},"end":{"line":90,"column":1}},"3":{"start":{"line":6,"column":28},"end":{"line":6,"column":36}},"4":{"start":{"line":8,"column":48},"end":{"line":8,"column":56}},"5":{"start":{"line":11,"column":25},"end":{"line":18,"column":3}},"6":{"start":{"line":12,"column":4},"end":{"line":17,"column":null}},"7":{"start":{"line":13,"column":16},"end":{"line":13,"column":37}},"8":{"start":{"line":15,"column":6},"end":{"line":15,"column":18}},"9":{"start":{"line":16,"column":6},"end":{"line":16,"column":49}},"10":{"start":{"line":20,"column":28},"end":{"line":32,"column":3}},"11":{"start":{"line":21,"column":17},"end":{"line":21,"column":31}},"12":{"start":{"line":22,"column":4},"end":{"line":22,"column":31}},"13":{"start":{"line":23,"column":4},"end":{"line":31,"column":9}},"14":{"start":{"line":27,"column":26},"end":{"line":27,"column":41}},"15":{"start":{"line":29,"column":8},"end":{"line":29,"column":23}},"16":{"start":{"line":30,"column":8},"end":{"line":30,"column":47}},"17":{"start":{"line":34,"column":2},"end":{"line":88,"column":null}},"18":{"start":{"line":92,"column":15},"end":{"line":92,"column":26}}},"fnMap":{"0":{"name":"(anonymous_4)","decl":{"start":{"line":4,"column":20},"end":{"line":4,"column":21}},"loc":{"start":{"line":4,"column":63},"end":{"line":90,"column":1}}},"1":{"name":"(anonymous_5)","decl":{"start":{"line":11,"column":25},"end":{"line":11,"column":26}},"loc":{"start":{"line":11,"column":36},"end":{"line":18,"column":3}}},"2":{"name":"(anonymous_6)","decl":{"start":{"line":20,"column":28},"end":{"line":20,"column":40}},"loc":{"start":{"line":20,"column":40},"end":{"line":32,"column":3}}},"3":{"name":"(anonymous_7)","decl":{"start":{"line":27,"column":12},"end":{"line":27,"column":13}},"loc":{"start":{"line":27,"column":26},"end":{"line":27,"column":41}}},"4":{"name":"(anonymous_8)","decl":{"start":{"line":28,"column":12},"end":{"line":28,"column":13}},"loc":{"start":{"line":28,"column":22},"end":{"line":31,"column":8}}}},"branchMap":{"0":{"loc":{"start":{"line":12,"column":4},"end":{"line":17,"column":null}},"type":"if","locations":[{"start":{"line":12,"column":4},"end":{"line":17,"column":null}}]},"1":{"loc":{"start":{"line":12,"column":8},"end":{"line":12,"column":51}},"type":"binary-expr","locations":[{"start":{"line":12,"column":8},"end":{"line":12,"column":26}},{"start":{"line":12,"column":30},"end":{"line":12,"column":51}}]},"2":{"loc":{"start":{"line":48,"column":23},"end":{"line":56,"column":26}},"type":"cond-expr","locations":[{"start":{"line":49,"column":24},"end":{"line":51,"column":null}},{"start":{"line":53,"column":24},"end":{"line":56,"column":26}}]},"3":{"loc":{"start":{"line":73,"column":20},"end":{"line":73,"column":67}},"type":"cond-expr","locations":[{"start":{"line":73,"column":37},"end":{"line":73,"column":50}},{"start":{"line":73,"column":53},"end":{"line":73,"column":67}}]},"4":{"loc":{"start":{"line":80,"column":15},"end":{"line":83,"column":22}},"type":"binary-expr","locations":[{"start":{"line":80,"column":15},"end":{"line":80,"column":20}},{"start":{"line":81,"column":16},"end":{"line":83,"column":22}}]}},"s":{"0":2,"1":2,"2":2,"3":3,"4":3,"5":3,"6":1,"7":1,"8":1,"9":1,"10":3,"11":0,"12":0,"13":0,"14":0,"15":0,"16":0,"17":3,"18":2},"f":{"0":3,"1":1,"2":0,"3":0,"4":0},"b":{"0":[1],"1":[1,1],"2":[0,3],"3":[2,1],"4":[3,0]}}
,"D:\\Personal\\Fixico\\nextjs-assignment-lasanthakasun\\src\\components\\NavBar.js": {"path":"D:\\Personal\\Fixico\\nextjs-assignment-lasanthakasun\\src\\components\\NavBar.js","statementMap":{"0":{"start":{"line":1,"column":25},"end":{"line":1,"column":null}},"1":{"start":{"line":2,"column":15},"end":{"line":24,"column":1}},"2":{"start":{"line":3,"column":2},"end":{"line":22,"column":null}},"3":{"start":{"line":25,"column":15},"end":{"line":25,"column":21}}},"fnMap":{"0":{"name":"(anonymous_1)","decl":{"start":{"line":2,"column":15},"end":{"line":2,"column":21}},"loc":{"start":{"line":2,"column":21},"end":{"line":24,"column":1}}}},"branchMap":{},"s":{"0":2,"1":2,"2":8,"3":2},"f":{"0":8},"b":{}}
,"D:\\Personal\\Fixico\\nextjs-assignment-lasanthakasun\\src\\components\\Select.js": {"path":"D:\\Personal\\Fixico\\nextjs-assignment-lasanthakasun\\src\\components\\Select.js","statementMap":{"0":{"start":{"line":1,"column":25},"end":{"line":1,"column":null}},"1":{"start":{"line":2,"column":27},"end":{"line":2,"column":null}},"2":{"start":{"line":4,"column":15},"end":{"line":25,"column":10}},"3":{"start":{"line":6,"column":4},"end":{"line":25,"column":10}},"4":{"start":{"line":19,"column":10},"end":{"line":19,"column":30}},"5":{"start":{"line":28,"column":15},"end":{"line":28,"column":21}}},"fnMap":{"0":{"name":"(anonymous_1)","decl":{"start":{"line":5,"column":2},"end":{"line":5,"column":3}},"loc":{"start":{"line":6,"column":4},"end":{"line":25,"column":10}}},"1":{"name":"(anonymous_2)","decl":{"start":{"line":18,"column":18},"end":{"line":18,"column":19}},"loc":{"start":{"line":19,"column":10},"end":{"line":19,"column":30}}}},"branchMap":{"0":{"loc":{"start":{"line":9,"column":9},"end":{"line":9,"column":null}},"type":"binary-expr","locations":[{"start":{"line":9,"column":9},"end":{"line":9,"column":19}},{"start":{"line":9,"column":23},"end":{"line":9,"column":null}}]},"1":{"loc":{"start":{"line":24,"column":7},"end":{"line":24,"column":null}},"type":"binary-expr","locations":[{"start":{"line":24,"column":7},"end":{"line":24,"column":12}},{"start":{"line":24,"column":16},"end":{"line":24,"column":null}}]}},"s":{"0":2,"1":2,"2":2,"3":17,"4":224,"5":2},"f":{"0":17,"1":224},"b":{"0":[17,2],"1":[17,1]}}
,"D:\\Personal\\Fixico\\nextjs-assignment-lasanthakasun\\src\\components\\SideBar.js": {"path":"D:\\Personal\\Fixico\\nextjs-assignment-lasanthakasun\\src\\components\\SideBar.js","statementMap":{"0":{"start":{"line":1,"column":25},"end":{"line":1,"column":null}},"1":{"start":{"line":3,"column":16},"end":{"line":31,"column":1}},"2":{"start":{"line":4,"column":2},"end":{"line":29,"column":null}},"3":{"start":{"line":33,"column":15},"end":{"line":33,"column":22}}},"fnMap":{"0":{"name":"(anonymous_1)","decl":{"start":{"line":3,"column":16},"end":{"line":3,"column":22}},"loc":{"start":{"line":3,"column":22},"end":{"line":31,"column":1}}}},"branchMap":{},"s":{"0":2,"1":2,"2":8,"3":2},"f":{"0":8},"b":{}}
,"D:\\Personal\\Fixico\\nextjs-assignment-lasanthakasun\\src\\components\\TextArea.js": {"path":"D:\\Personal\\Fixico\\nextjs-assignment-lasanthakasun\\src\\components\\TextArea.js","statementMap":{"0":{"start":{"line":1,"column":25},"end":{"line":1,"column":null}},"1":{"start":{"line":2,"column":27},"end":{"line":2,"column":null}},"2":{"start":{"line":4,"column":17},"end":{"line":19,"column":10}},"3":{"start":{"line":6,"column":4},"end":{"line":19,"column":10}},"4":{"start":{"line":22,"column":15},"end":{"line":22,"column":23}}},"fnMap":{"0":{"name":"(anonymous_1)","decl":{"start":{"line":5,"column":2},"end":{"line":5,"column":3}},"loc":{"start":{"line":6,"column":4},"end":{"line":19,"column":10}}}},"branchMap":{"0":{"loc":{"start":{"line":9,"column":9},"end":{"line":9,"column":null}},"type":"binary-expr","locations":[{"start":{"line":9,"column":9},"end":{"line":9,"column":19}},{"start":{"line":9,"column":23},"end":{"line":9,"column":null}}]},"1":{"loc":{"start":{"line":18,"column":7},"end":{"line":18,"column":null}},"type":"binary-expr","locations":[{"start":{"line":18,"column":7},"end":{"line":18,"column":12}},{"start":{"line":18,"column":16},"end":{"line":18,"column":null}}]}},"s":{"0":2,"1":2,"2":2,"3":3,"4":2},"f":{"0":3},"b":{"0":[3,2],"1":[3,1]}}
,"D:\\Personal\\Fixico\\nextjs-assignment-lasanthakasun\\src\\components\\TextField.js": {"path":"D:\\Personal\\Fixico\\nextjs-assignment-lasanthakasun\\src\\components\\TextField.js","statementMap":{"0":{"start":{"line":1,"column":25},"end":{"line":1,"column":null}},"1":{"start":{"line":2,"column":44},"end":{"line":2,"column":null}},"2":{"start":{"line":3,"column":27},"end":{"line":3,"column":null}},"3":{"start":{"line":5,"column":18},"end":{"line":23,"column":10}},"4":{"start":{"line":10,"column":4},"end":{"line":23,"column":10}},"5":{"start":{"line":26,"column":15},"end":{"line":26,"column":24}}},"fnMap":{"0":{"name":"(anonymous_1)","decl":{"start":{"line":6,"column":2},"end":{"line":6,"column":null}},"loc":{"start":{"line":10,"column":4},"end":{"line":23,"column":10}}}},"branchMap":{"0":{"loc":{"start":{"line":7,"column":59},"end":{"line":7,"column":73}},"type":"default-arg","locations":[{"start":{"line":7,"column":68},"end":{"line":7,"column":73}}]},"1":{"loc":{"start":{"line":10,"column":28},"end":{"line":10,"column":46}},"type":"binary-expr","locations":[{"start":{"line":10,"column":28},"end":{"line":10,"column":34}},{"start":{"line":10,"column":38},"end":{"line":10,"column":46}}]},"2":{"loc":{"start":{"line":13,"column":9},"end":{"line":13,"column":null}},"type":"binary-expr","locations":[{"start":{"line":13,"column":9},"end":{"line":13,"column":19}},{"start":{"line":13,"column":23},"end":{"line":13,"column":null}}]},"3":{"loc":{"start":{"line":22,"column":7},"end":{"line":22,"column":null}},"type":"binary-expr","locations":[{"start":{"line":22,"column":7},"end":{"line":22,"column":12}},{"start":{"line":22,"column":16},"end":{"line":22,"column":null}}]}},"s":{"0":2,"1":2,"2":2,"3":2,"4":11,"5":2},"f":{"0":11},"b":{"0":[10],"1":[11,1],"2":[11,10],"3":[11,2]}}
,"D:\\Personal\\Fixico\\nextjs-assignment-lasanthakasun\\src\\pages\\create.js": {"path":"D:\\Personal\\Fixico\\nextjs-assignment-lasanthakasun\\src\\pages\\create.js","statementMap":{"0":{"start":{"line":1,"column":32},"end":{"line":1,"column":null}},"1":{"start":{"line":2,"column":51},"end":{"line":2,"column":null}},"2":{"start":{"line":3,"column":41},"end":{"line":3,"column":null}},"3":{"start":{"line":4,"column":43},"end":{"line":4,"column":null}},"4":{"start":{"line":5,"column":41},"end":{"line":5,"column":null}},"5":{"start":{"line":6,"column":47},"end":{"line":6,"column":null}},"6":{"start":{"line":7,"column":42},"end":{"line":7,"column":null}},"7":{"start":{"line":8,"column":45},"end":{"line":8,"column":null}},"8":{"start":{"line":9,"column":54},"end":{"line":9,"column":null}},"9":{"start":{"line":10,"column":7},"end":{"line":10,"column":null}},"10":{"start":{"line":11,"column":32},"end":{"line":11,"column":null}},"11":{"start":{"line":12,"column":42},"end":{"line":12,"column":null}},"12":{"start":{"line":13,"column":41},"end":{"line":13,"column":null}},"13":{"start":{"line":14,"column":41},"end":{"line":14,"column":null}},"14":{"start":{"line":15,"column":37},"end":{"line":15,"column":null}},"15":{"start":{"line":17,"column":15},"end":{"line":235,"column":1}},"16":{"start":{"line":19,"column":26},"end":{"line":19,"column":34}},"17":{"start":{"line":27,"column":6},"end":{"line":39,"column":4}},"18":{"start":{"line":41,"column":50},"end":{"line":41,"column":58}},"19":{"start":{"line":43,"column":36},"end":{"line":43,"column":44}},"20":{"start":{"line":46,"column":24},"end":{"line":62,"column":3}},"21":{"start":{"line":47,"column":4},"end":{"line":47,"column":38}},"22":{"start":{"line":48,"column":4},"end":{"line":48,"column":23}},"23":{"start":{"line":49,"column":4},"end":{"line":49,"column":21}},"24":{"start":{"line":50,"column":4},"end":{"line":61,"column":null}},"25":{"start":{"line":51,"column":6},"end":{"line":60,"column":null}},"26":{"start":{"line":52,"column":8},"end":{"line":52,"column":32}},"27":{"start":{"line":53,"column":8},"end":{"line":53,"column":30}},"28":{"start":{"line":55,"column":29},"end":{"line":57,"column":19}},"29":{"start":{"line":56,"column":21},"end":{"line":56,"column":53}},"30":{"start":{"line":58,"column":8},"end":{"line":58,"column":42}},"31":{"start":{"line":59,"column":8},"end":{"line":59,"column":30}},"32":{"start":{"line":65,"column":24},"end":{"line":79,"column":3}},"33":{"start":{"line":66,"column":4},"end":{"line":66,"column":32}},"34":{"start":{"line":67,"column":4},"end":{"line":67,"column":34}},"35":{"start":{"line":68,"column":4},"end":{"line":68,"column":25}},"36":{"start":{"line":69,"column":4},"end":{"line":69,"column":23}},"37":{"start":{"line":70,"column":4},"end":{"line":78,"column":7}},"38":{"start":{"line":82,"column":22},"end":{"line":86,"column":3}},"39":{"start":{"line":83,"column":4},"end":{"line":85,"column":null}},"40":{"start":{"line":84,"column":6},"end":{"line":84,"column":24}},"41":{"start":{"line":89,"column":26},"end":{"line":105,"column":3}},"42":{"start":{"line":90,"column":4},"end":{"line":104,"column":null}},"43":{"start":{"line":91,"column":6},"end":{"line":91,"column":24}},"44":{"start":{"line":93,"column":6},"end":{"line":103,"column":11}},"45":{"start":{"line":97,"column":28},"end":{"line":97,"column":43}},"46":{"start":{"line":99,"column":10},"end":{"line":102,"column":13}},"47":{"start":{"line":107,"column":2},"end":{"line":233,"column":null}},"48":{"start":{"line":129,"column":50},"end":{"line":129,"column":79}},"49":{"start":{"line":137,"column":50},"end":{"line":137,"column":79}},"50":{"start":{"line":145,"column":47},"end":{"line":145,"column":77}},"51":{"start":{"line":157,"column":26},"end":{"line":157,"column":53}},"52":{"start":{"line":166,"column":49},"end":{"line":166,"column":77}},"53":{"start":{"line":175,"column":26},"end":{"line":175,"column":61}},"54":{"start":{"line":191,"column":47},"end":{"line":191,"column":75}},"55":{"start":{"line":199,"column":47},"end":{"line":199,"column":76}},"56":{"start":{"line":207,"column":47},"end":{"line":207,"column":77}},"57":{"start":{"line":219,"column":35},"end":{"line":219,"column":48}},"58":{"start":{"line":237,"column":15},"end":{"line":237,"column":21}}},"fnMap":{"0":{"name":"(anonymous_1)","decl":{"start":{"line":17,"column":15},"end":{"line":17,"column":21}},"loc":{"start":{"line":17,"column":21},"end":{"line":235,"column":1}}},"1":{"name":"(anonymous_2)","decl":{"start":{"line":46,"column":24},"end":{"line":46,"column":25}},"loc":{"start":{"line":46,"column":40},"end":{"line":62,"column":3}}},"2":{"name":"(anonymous_3)","decl":{"start":{"line":56,"column":10},"end":{"line":56,"column":11}},"loc":{"start":{"line":56,"column":21},"end":{"line":56,"column":53}}},"3":{"name":"(anonymous_4)","decl":{"start":{"line":65,"column":24},"end":{"line":65,"column":25}},"loc":{"start":{"line":65,"column":42},"end":{"line":79,"column":3}}},"4":{"name":"(anonymous_5)","decl":{"start":{"line":82,"column":22},"end":{"line":82,"column":28}},"loc":{"start":{"line":82,"column":28},"end":{"line":86,"column":3}}},"5":{"name":"(anonymous_6)","decl":{"start":{"line":89,"column":26},"end":{"line":89,"column":33}},"loc":{"start":{"line":89,"column":42},"end":{"line":105,"column":3}}},"6":{"name":"(anonymous_7)","decl":{"start":{"line":97,"column":14},"end":{"line":97,"column":15}},"loc":{"start":{"line":97,"column":28},"end":{"line":97,"column":43}}},"7":{"name":"(anonymous_8)","decl":{"start":{"line":98,"column":14},"end":{"line":98,"column":15}},"loc":{"start":{"line":98,"column":24},"end":{"line":103,"column":10}}},"8":{"name":"(anonymous_9)","decl":{"start":{"line":129,"column":39},"end":{"line":129,"column":40}},"loc":{"start":{"line":129,"column":50},"end":{"line":129,"column":79}}},"9":{"name":"(anonymous_10)","decl":{"start":{"line":137,"column":39},"end":{"line":137,"column":40}},"loc":{"start":{"line":137,"column":50},"end":{"line":137,"column":79}}},"10":{"name":"(anonymous_11)","decl":{"start":{"line":145,"column":36},"end":{"line":145,"column":37}},"loc":{"start":{"line":145,"column":47},"end":{"line":145,"column":77}}},"11":{"name":"(anonymous_12)","decl":{"start":{"line":156,"column":41},"end":{"line":156,"column":42}},"loc":{"start":{"line":157,"column":26},"end":{"line":157,"column":53}}},"12":{"name":"(anonymous_13)","decl":{"start":{"line":166,"column":38},"end":{"line":166,"column":39}},"loc":{"start":{"line":166,"column":49},"end":{"line":166,"column":77}}},"13":{"name":"(anonymous_14)","decl":{"start":{"line":174,"column":38},"end":{"line":174,"column":39}},"loc":{"start":{"line":175,"column":26},"end":{"line":175,"column":61}}},"14":{"name":"(anonymous_15)","decl":{"start":{"line":191,"column":36},"end":{"line":191,"column":37}},"loc":{"start":{"line":191,"column":47},"end":{"line":191,"column":75}}},"15":{"name":"(anonymous_16)","decl":{"start":{"line":199,"column":36},"end":{"line":199,"column":37}},"loc":{"start":{"line":199,"column":47},"end":{"line":199,"column":76}}},"16":{"name":"(anonymous_17)","decl":{"start":{"line":207,"column":36},"end":{"line":207,"column":37}},"loc":{"start":{"line":207,"column":47},"end":{"line":207,"column":77}}},"17":{"name":"(anonymous_18)","decl":{"start":{"line":219,"column":29},"end":{"line":219,"column":35}},"loc":{"start":{"line":219,"column":35},"end":{"line":219,"column":48}}}},"branchMap":{"0":{"loc":{"start":{"line":50,"column":4},"end":{"line":61,"column":null}},"type":"if","locations":[{"start":{"line":50,"column":4},"end":{"line":61,"column":null}}]},"1":{"loc":{"start":{"line":51,"column":6},"end":{"line":60,"column":null}},"type":"if","locations":[{"start":{"line":51,"column":6},"end":{"line":60,"column":null}},{"start":{"line":54,"column":13},"end":{"line":60,"column":null}}]},"2":{"loc":{"start":{"line":83,"column":4},"end":{"line":85,"column":null}},"type":"if","locations":[{"start":{"line":83,"column":4},"end":{"line":85,"column":null}}]},"3":{"loc":{"start":{"line":90,"column":4},"end":{"line":104,"column":null}},"type":"if","locations":[{"start":{"line":90,"column":4},"end":{"line":104,"column":null}},{"start":{"line":92,"column":11},"end":{"line":104,"column":null}}]},"4":{"loc":{"start":{"line":121,"column":17},"end":{"line":149,"column":24}},"type":"binary-expr","locations":[{"start":{"line":121,"column":17},"end":{"line":121,"column":27}},{"start":{"line":122,"column":18},"end":{"line":149,"column":24}}]},"5":{"loc":{"start":{"line":152,"column":17},"end":{"line":181,"column":24}},"type":"binary-expr","locations":[{"start":{"line":152,"column":17},"end":{"line":152,"column":27}},{"start":{"line":153,"column":18},"end":{"line":181,"column":24}}]},"6":{"loc":{"start":{"line":184,"column":17},"end":{"line":211,"column":24}},"type":"binary-expr","locations":[{"start":{"line":184,"column":17},"end":{"line":184,"column":27}},{"start":{"line":185,"column":18},"end":{"line":211,"column":24}}]},"7":{"loc":{"start":{"line":215,"column":17},"end":{"line":220,"column":20}},"type":"binary-expr","locations":[{"start":{"line":215,"column":17},"end":{"line":215,"column":27}},{"start":{"line":216,"column":18},"end":{"line":220,"column":20}}]},"8":{"loc":{"start":{"line":224,"column":24},"end":{"line":224,"column":52}},"type":"cond-expr","locations":[{"start":{"line":224,"column":37},"end":{"line":224,"column":43}},{"start":{"line":224,"column":46},"end":{"line":224,"column":52}}]}},"s":{"0":1,"1":1,"2":1,"3":1,"4":1,"5":1,"6":1,"7":1,"8":1,"9":1,"10":1,"11":1,"12":1,"13":1,"14":1,"15":1,"16":8,"17":7,"18":7,"19":7,"20":7,"21":3,"22":3,"23":3,"24":3,"25":2,"26":1,"27":1,"28":1,"29":14,"30":1,"31":1,"32":7,"33":0,"34":0,"35":0,"36":0,"37":0,"38":7,"39":0,"40":0,"41":7,"42":0,"43":0,"44":0,"45":0,"46":0,"47":7,"48":2,"49":1,"50":0,"51":0,"52":0,"53":0,"54":0,"55":0,"56":0,"57":0,"58":1},"f":{"0":8,"1":3,"2":14,"3":0,"4":0,"5":0,"6":0,"7":0,"8":2,"9":1,"10":0,"11":0,"12":0,"13":0,"14":0,"15":0,"16":0,"17":0},"b":{"0":[2],"1":[1,1],"2":[0],"3":[0,0],"4":[7,7],"5":[7,0],"6":[7,0],"7":[7,0],"8":[0,7]}}
,"D:\\Personal\\Fixico\\nextjs-assignment-lasanthakasun\\src\\pages\\index.js": {"path":"D:\\Personal\\Fixico\\nextjs-assignment-lasanthakasun\\src\\pages\\index.js","statementMap":{"0":{"start":{"line":1,"column":41},"end":{"line":1,"column":null}},"1":{"start":{"line":2,"column":43},"end":{"line":2,"column":null}},"2":{"start":{"line":4,"column":13},"end":{"line":18,"column":1}},"3":{"start":{"line":5,"column":2},"end":{"line":16,"column":null}},"4":{"start":{"line":20,"column":15},"end":{"line":20,"column":19}}},"fnMap":{"0":{"name":"(anonymous_1)","decl":{"start":{"line":4,"column":13},"end":{"line":4,"column":19}},"loc":{"start":{"line":4,"column":19},"end":{"line":18,"column":1}}}},"branchMap":{},"s":{"0":1,"1":1,"2":1,"3":1,"4":1},"f":{"0":1},"b":{}}
,"D:\\Personal\\Fixico\\nextjs-assignment-lasanthakasun\\src\\pages\\api\\current.js": {"path":"D:\\Personal\\Fixico\\nextjs-assignment-lasanthakasun\\src\\pages\\api\\current.js","statementMap":{"0":{"start":{"line":1,"column":30},"end":{"line":1,"column":38}},"1":{"start":{"line":2,"column":13},"end":{"line":2,"column":26}},"2":{"start":{"line":3,"column":15},"end":{"line":3,"column":30}},"3":{"start":{"line":5,"column":18},"end":{"line":5,"column":20}},"4":{"start":{"line":7,"column":2},"end":{"line":9,"column":null}},"5":{"start":{"line":8,"column":4},"end":{"line":8,"column":27}},"6":{"start":{"line":10,"column":19},"end":{"line":10,"column":83}},"7":{"start":{"line":11,"column":15},"end":{"line":11,"column":35}},"8":{"start":{"line":12,"column":2},"end":{"line":12,"column":21}},"9":{"start":{"line":14,"column":2},"end":{"line":14,"column":43}}},"fnMap":{"0":{"name":"current","decl":{"start":{"line":1,"column":30},"end":{"line":1,"column":37}},"loc":{"start":{"line":1,"column":48},"end":{"line":15,"column":null}}}},"branchMap":{"0":{"loc":{"start":{"line":7,"column":2},"end":{"line":9,"column":null}},"type":"if","locations":[{"start":{"line":7,"column":2},"end":{"line":9,"column":null}}]}},"s":{"0":1,"1":2,"2":2,"3":2,"4":2,"5":1,"6":1,"7":1,"8":1,"9":1},"f":{"0":2},"b":{"0":[1]}}
,"D:\\Personal\\Fixico\\nextjs-assignment-lasanthakasun\\src\\pages\\api\\read.js": {"path":"D:\\Personal\\Fixico\\nextjs-assignment-lasanthakasun\\src\\pages\\api\\read.js","statementMap":{"0":{"start":{"line":1,"column":30},"end":{"line":1,"column":35}},"1":{"start":{"line":2,"column":13},"end":{"line":2,"column":26}},"2":{"start":{"line":3,"column":15},"end":{"line":3,"column":30}},"3":{"start":{"line":5,"column":2},"end":{"line":7,"column":null}},"4":{"start":{"line":6,"column":4},"end":{"line":6,"column":27}},"5":{"start":{"line":8,"column":18},"end":{"line":8,"column":20}},"6":{"start":{"line":9,"column":21},"end":{"line":11,"column":53}},"7":{"start":{"line":11,"column":22},"end":{"line":11,"column":52}},"8":{"start":{"line":13,"column":2},"end":{"line":17,"column":5}},"9":{"start":{"line":14,"column":21},"end":{"line":14,"column":69}},"10":{"start":{"line":15,"column":17},"end":{"line":15,"column":37}},"11":{"start":{"line":16,"column":4},"end":{"line":16,"column":60}},"12":{"start":{"line":18,"column":2},"end":{"line":18,"column":43}}},"fnMap":{"0":{"name":"read","decl":{"start":{"line":1,"column":30},"end":{"line":1,"column":34}},"loc":{"start":{"line":1,"column":45},"end":{"line":19,"column":null}}},"1":{"name":"(anonymous_1)","decl":{"start":{"line":11,"column":12},"end":{"line":11,"column":13}},"loc":{"start":{"line":11,"column":22},"end":{"line":11,"column":52}}},"2":{"name":"(anonymous_2)","decl":{"start":{"line":13,"column":21},"end":{"line":13,"column":22}},"loc":{"start":{"line":13,"column":31},"end":{"line":17,"column":4}}}},"branchMap":{"0":{"loc":{"start":{"line":5,"column":2},"end":{"line":7,"column":null}},"type":"if","locations":[{"start":{"line":5,"column":2},"end":{"line":7,"column":null}}]}},"s":{"0":1,"1":2,"2":2,"3":2,"4":1,"5":1,"6":1,"7":213,"8":1,"9":212,"10":212,"11":212,"12":1},"f":{"0":2,"1":213,"2":212},"b":{"0":[1]}}
,"D:\\Personal\\Fixico\\nextjs-assignment-lasanthakasun\\src\\pages\\api\\submit.js": {"path":"D:\\Personal\\Fixico\\nextjs-assignment-lasanthakasun\\src\\pages\\api\\submit.js","statementMap":{"0":{"start":{"line":3,"column":30},"end":{"line":3,"column":37}},"1":{"start":{"line":1,"column":34},"end":{"line":1,"column":null}},"2":{"start":{"line":4,"column":2},"end":{"line":6,"column":null}},"3":{"start":{"line":5,"column":4},"end":{"line":5,"column":27}},"4":{"start":{"line":8,"column":15},"end":{"line":8,"column":50}},"5":{"start":{"line":9,"column":2},"end":{"line":9,"column":60}},"6":{"start":{"line":10,"column":2},"end":{"line":10,"column":33}}},"fnMap":{"0":{"name":"submit","decl":{"start":{"line":3,"column":30},"end":{"line":3,"column":36}},"loc":{"start":{"line":3,"column":47},"end":{"line":11,"column":null}}}},"branchMap":{"0":{"loc":{"start":{"line":4,"column":2},"end":{"line":6,"column":null}},"type":"if","locations":[{"start":{"line":4,"column":2},"end":{"line":6,"column":null}}]}},"s":{"0":1,"1":1,"2":2,"3":1,"4":1,"5":1,"6":1},"f":{"0":2},"b":{"0":[1]}}
}
