TN:
SF:src\helper.js
FN:2,(anonymous_0)
FNF:1
FNH:1
FNDA:7,(anonymous_0)
DA:2,1
DA:3,7
DA:4,7
DA:5,7
DA:6,7
DA:7,7
LF:6
LH:6
BRF:0
BRH:0
end_of_record
TN:
SF:src\validation.js
FNF:0
FNH:0
DA:2,1
LF:1
LH:1
BRF:0
BRH:0
end_of_record
TN:
SF:src\components\Button.js
FN:3,(anonymous_1)
FNF:1
FNH:1
FNDA:9,(anonymous_1)
DA:1,2
DA:3,2
DA:4,9
DA:19,2
LF:4
LH:4
BRDA:8,0,0,8
BRDA:8,0,1,1
BRF:2
BRH:2
end_of_record
TN:
SF:src\components\Error.js
FN:2,(anonymous_1)
FNF:1
FNH:1
FNDA:5,(anonymous_1)
DA:1,6
DA:2,6
DA:3,5
DA:6,6
LF:4
LH:4
BRF:0
BRH:0
end_of_record
TN:
SF:src\components\ImageUpload.js
FN:4,(anonymous_4)
FN:11,(anonymous_5)
FN:20,(anonymous_6)
FN:27,(anonymous_7)
FN:28,(anonymous_8)
FNF:5
FNH:2
FNDA:3,(anonymous_4)
FNDA:1,(anonymous_5)
FNDA:0,(anonymous_6)
FNDA:0,(anonymous_7)
FNDA:0,(anonymous_8)
DA:1,2
DA:2,2
DA:4,2
DA:6,3
DA:8,3
DA:11,3
DA:12,1
DA:13,1
DA:15,1
DA:16,1
DA:20,3
DA:21,0
DA:22,0
DA:23,0
DA:27,0
DA:29,0
DA:30,0
DA:34,3
DA:92,2
LF:19
LH:13
BRDA:12,0,0,1
BRDA:12,1,0,1
BRDA:12,1,1,1
BRDA:48,2,0,0
BRDA:48,2,1,3
BRDA:73,3,0,2
BRDA:73,3,1,1
BRDA:80,4,0,3
BRDA:80,4,1,0
BRF:9
BRH:7
end_of_record
TN:
SF:src\components\NavBar.js
FN:2,(anonymous_1)
FNF:1
FNH:1
FNDA:8,(anonymous_1)
DA:1,2
DA:2,2
DA:3,8
DA:25,2
LF:4
LH:4
BRF:0
BRH:0
end_of_record
TN:
SF:src\components\Select.js
FN:5,(anonymous_1)
FN:18,(anonymous_2)
FNF:2
FNH:2
FNDA:17,(anonymous_1)
FNDA:224,(anonymous_2)
DA:1,2
DA:2,2
DA:4,2
DA:6,17
DA:19,224
DA:28,2
LF:6
LH:6
BRDA:9,0,0,17
BRDA:9,0,1,2
BRDA:24,1,0,17
BRDA:24,1,1,1
BRF:4
BRH:4
end_of_record
TN:
SF:src\components\SideBar.js
FN:3,(anonymous_1)
FNF:1
FNH:1
FNDA:8,(anonymous_1)
DA:1,2
DA:3,2
DA:4,8
DA:33,2
LF:4
LH:4
BRF:0
BRH:0
end_of_record
TN:
SF:src\components\TextArea.js
FN:5,(anonymous_1)
FNF:1
FNH:1
FNDA:3,(anonymous_1)
DA:1,2
DA:2,2
DA:4,2
DA:6,3
DA:22,2
LF:5
LH:5
BRDA:9,0,0,3
BRDA:9,0,1,2
BRDA:18,1,0,3
BRDA:18,1,1,1
BRF:4
BRH:4
end_of_record
TN:
SF:src\components\TextField.js
FN:6,(anonymous_1)
FNF:1
FNH:1
FNDA:11,(anonymous_1)
DA:1,2
DA:2,2
DA:3,2
DA:5,2
DA:10,11
DA:26,2
LF:6
LH:6
BRDA:7,0,0,10
BRDA:10,1,0,11
BRDA:10,1,1,1
BRDA:13,2,0,11
BRDA:13,2,1,10
BRDA:22,3,0,11
BRDA:22,3,1,2
BRF:7
BRH:7
end_of_record
TN:
SF:src\pages\create.js
FN:17,(anonymous_1)
FN:46,(anonymous_2)
FN:56,(anonymous_3)
FN:65,(anonymous_4)
FN:82,(anonymous_5)
FN:89,(anonymous_6)
FN:97,(anonymous_7)
FN:98,(anonymous_8)
FN:129,(anonymous_9)
FN:137,(anonymous_10)
FN:145,(anonymous_11)
FN:156,(anonymous_12)
FN:166,(anonymous_13)
FN:174,(anonymous_14)
FN:191,(anonymous_15)
FN:199,(anonymous_16)
FN:207,(anonymous_17)
FN:219,(anonymous_18)
FNF:18
FNH:5
FNDA:8,(anonymous_1)
FNDA:3,(anonymous_2)
FNDA:14,(anonymous_3)
FNDA:0,(anonymous_4)
FNDA:0,(anonymous_5)
FNDA:0,(anonymous_6)
FNDA:0,(anonymous_7)
FNDA:0,(anonymous_8)
FNDA:2,(anonymous_9)
FNDA:1,(anonymous_10)
FNDA:0,(anonymous_11)
FNDA:0,(anonymous_12)
FNDA:0,(anonymous_13)
FNDA:0,(anonymous_14)
FNDA:0,(anonymous_15)
FNDA:0,(anonymous_16)
FNDA:0,(anonymous_17)
FNDA:0,(anonymous_18)
DA:1,1
DA:2,1
DA:3,1
DA:4,1
DA:5,1
DA:6,1
DA:7,1
DA:8,1
DA:9,1
DA:10,1
DA:11,1
DA:12,1
DA:13,1
DA:14,1
DA:15,1
DA:17,1
DA:19,8
DA:27,7
DA:41,7
DA:43,7
DA:46,7
DA:47,3
DA:48,3
DA:49,3
DA:50,3
DA:51,2
DA:52,1
DA:53,1
DA:55,1
DA:56,14
DA:58,1
DA:59,1
DA:65,7
DA:66,0
DA:67,0
DA:68,0
DA:69,0
DA:70,0
DA:82,7
DA:83,0
DA:84,0
DA:89,7
DA:90,0
DA:91,0
DA:93,0
DA:97,0
DA:99,0
DA:107,7
DA:129,2
DA:137,1
DA:145,0
DA:157,0
DA:166,0
DA:175,0
DA:191,0
DA:199,0
DA:207,0
DA:219,0
DA:237,1
LF:59
LH:39
BRDA:50,0,0,2
BRDA:51,1,0,1
BRDA:51,1,1,1
BRDA:83,2,0,0
BRDA:90,3,0,0
BRDA:90,3,1,0
BRDA:121,4,0,7
BRDA:121,4,1,7
BRDA:152,5,0,7
BRDA:152,5,1,0
BRDA:184,6,0,7
BRDA:184,6,1,0
BRDA:215,7,0,7
BRDA:215,7,1,0
BRDA:224,8,0,0
BRDA:224,8,1,7
BRF:16
BRH:9
end_of_record
TN:
SF:src\pages\index.js
FN:4,(anonymous_1)
FNF:1
FNH:1
FNDA:1,(anonymous_1)
DA:1,1
DA:2,1
DA:4,1
DA:5,1
DA:20,1
LF:5
LH:5
BRF:0
BRH:0
end_of_record
TN:
SF:src\pages\api\current.js
FN:1,current
FNF:1
FNH:1
FNDA:2,current
DA:1,1
DA:2,2
DA:3,2
DA:5,2
DA:7,2
DA:8,1
DA:10,1
DA:11,1
DA:12,1
DA:14,1
LF:10
LH:10
BRDA:7,0,0,1
BRF:1
BRH:1
end_of_record
TN:
SF:src\pages\api\read.js
FN:1,read
FN:11,(anonymous_1)
FN:13,(anonymous_2)
FNF:3
FNH:3
FNDA:2,read
FNDA:213,(anonymous_1)
FNDA:212,(anonymous_2)
DA:1,1
DA:2,2
DA:3,2
DA:5,2
DA:6,1
DA:8,1
DA:9,1
DA:11,213
DA:13,1
DA:14,212
DA:15,212
DA:16,212
DA:18,1
LF:13
LH:13
BRDA:5,0,0,1
BRF:1
BRH:1
end_of_record
TN:
SF:src\pages\api\submit.js
FN:3,submit
FNF:1
FNH:1
FNDA:2,submit
DA:1,1
DA:3,1
DA:4,2
DA:5,1
DA:8,1
DA:9,1
DA:10,1
LF:7
LH:7
BRDA:4,0,0,1
BRF:1
BRH:1
end_of_record
